<?xml version="1.0" encoding="UTF-8"?>
<testng-results ignored="0" total="3" passed="3" failed="0" skipped="0">
  <reporter-output>
  </reporter-output>
  <suite started-at="2022-07-19T10:58:02 IST" name="Default suite" finished-at="2022-07-19T10:58:02 IST" duration-ms="86">
    <groups>
    </groups>
    <test started-at="2022-07-19T10:58:02 IST" name="Default test" finished-at="2022-07-19T10:58:02 IST" duration-ms="86">
      <class name="maven_Projects.testScripts.Practice1">
        <test-method signature="practic2()[pri:0, instance:maven_Projects.testScripts.Practice1@5b03b9fe]" started-at="2022-07-19T10:58:02 IST" name="practic2" finished-at="2022-07-19T10:58:02 IST" duration-ms="11" status="PASS">
          <reporter-output>
          </reporter-output>
        </test-method> <!-- practic2 -->
        <test-method signature="practice1()[pri:0, instance:maven_Projects.testScripts.Practice1@5b03b9fe]" started-at="2022-07-19T10:58:02 IST" name="practice1" finished-at="2022-07-19T10:58:02 IST" duration-ms="4" status="PASS">
          <reporter-output>
          </reporter-output>
        </test-method> <!-- practice1 -->
        <test-method signature="practice3()[pri:0, instance:maven_Projects.testScripts.Practice1@5b03b9fe]" started-at="2022-07-19T10:58:02 IST" name="practice3" finished-at="2022-07-19T10:58:02 IST" duration-ms="3" status="PASS">
          <reporter-output>
          </reporter-output>
        </test-method> <!-- practice3 -->
      </class> <!-- maven_Projects.testScripts.Practice1 -->
    </test> <!-- Default test -->
  </suite> <!-- Default suite -->
</testng-results>
