<?xml version="1.0" encoding="UTF-8"?>
<testng-results ignored="0" total="2" passed="2" failed="0" skipped="0">
  <reporter-output>
  </reporter-output>
  <suite started-at="2022-07-19T15:00:02 IST" name="Default suite" finished-at="2022-07-19T15:00:02 IST" duration-ms="114">
    <groups>
    </groups>
    <test started-at="2022-07-19T15:00:02 IST" name="Default test" finished-at="2022-07-19T15:00:02 IST" duration-ms="114">
      <class name="maven_Projects.testScripts.Practice1">
        <test-method signature="practice1()[pri:0, instance:maven_Projects.testScripts.Practice1@57cf54e1]" started-at="2022-07-19T15:00:02 IST" name="practice1" finished-at="2022-07-19T15:00:02 IST" duration-ms="17" status="PASS">
          <reporter-output>
          </reporter-output>
        </test-method> <!-- practice1 -->
        <test-method signature="practice3()[pri:0, instance:maven_Projects.testScripts.Practice1@57cf54e1]" started-at="2022-07-19T15:00:02 IST" name="practice3" finished-at="2022-07-19T15:00:02 IST" duration-ms="5" status="PASS">
          <reporter-output>
          </reporter-output>
        </test-method> <!-- practice3 -->
      </class> <!-- maven_Projects.testScripts.Practice1 -->
    </test> <!-- Default test -->
  </suite> <!-- Default suite -->
</testng-results>
