<?xml version="1.0" encoding="UTF-8"?>
<!-- Generated by org.testng.reporters.JUnitXMLReporter -->
<testsuite ignored="0" hostname="LAPTOP-FS7DMKT8" failures="0" tests="3" name="Default test" time="0.086" errors="0" timestamp="2022-07-19T10:58:02 IST">
  <testcase classname="maven_Projects.testScripts.Practice1" name="practic2" time="0.011"/>
  <testcase classname="maven_Projects.testScripts.Practice1" name="practice1" time="0.004"/>
  <testcase classname="maven_Projects.testScripts.Practice1" name="practice3" time="0.003"/>
</testsuite> <!-- Default test -->
